-------------------------------------------------------------------------------
Test set: com.anhembi.a3.metro.a3_metro.controller.LoginUsuarioControllerTest
-------------------------------------------------------------------------------
Tests run: 7, Failures: 0, Errors: 7, Skipped: 0, Time elapsed: 2.794 s <<< FAILURE! -- in com.anhembi.a3.metro.a3_metro.controller.LoginUsuarioControllerTest
com.anhembi.a3.metro.a3_metro.controller.LoginUsuarioControllerTest.testLoginUsuarioTecnico_Sucesso -- Time elapsed: 2.494 s <<< ERROR!
jakarta.servlet.ServletException: Request processing failed: java.lang.IllegalStateException: Ambiguous handler methods mapped for '/login/usuario_tecnico': {public org.springframework.http.ResponseEntity com.anhembi.a3.metro.a3_metro.controller.LoginUsuarioController.loginUsuario(com.anhembi.a3.metro.a3_metro.model.Usuario), public org.springframework.http.ResponseEntity com.anhembi.a3.metro.a3_metro.controller.LoginUsuarioController.loginUsuarioTecnico(com.anhembi.a3.metro.a3_metro.model.Usuario)}
	at org.springframework.web.servlet.FrameworkServlet.processRequest(FrameworkServlet.java:1022)
	at org.springframework.web.servlet.FrameworkServlet.doGet(FrameworkServlet.java:903)
	at jakarta.servlet.http.HttpServlet.service(HttpServlet.java:564)
	at org.springframework.web.servlet.FrameworkServlet.service(FrameworkServlet.java:885)
	at org.springframework.test.web.servlet.TestDispatcherServlet.service(TestDispatcherServlet.java:72)
	at jakarta.servlet.http.HttpServlet.service(HttpServlet.java:658)
	at org.springframework.mock.web.MockFilterChain$ServletFilterProxy.doFilter(MockFilterChain.java:165)
	at org.springframework.mock.web.MockFilterChain.doFilter(MockFilterChain.java:132)
	at org.springframework.test.web.servlet.MockMvc.perform(MockMvc.java:201)
	at com.anhembi.a3.metro.a3_metro.controller.LoginUsuarioControllerTest.testLoginUsuarioTecnico_Sucesso(LoginUsuarioControllerTest.java:116)
	at java.base/java.lang.reflect.Method.invoke(Method.java:580)
	at java.base/java.util.ArrayList.forEach(ArrayList.java:1597)
	at java.base/java.util.ArrayList.forEach(ArrayList.java:1597)
Caused by: java.lang.IllegalStateException: Ambiguous handler methods mapped for '/login/usuario_tecnico': {public org.springframework.http.ResponseEntity com.anhembi.a3.metro.a3_metro.controller.LoginUsuarioController.loginUsuario(com.anhembi.a3.metro.a3_metro.model.Usuario), public org.springframework.http.ResponseEntity com.anhembi.a3.metro.a3_metro.controller.LoginUsuarioController.loginUsuarioTecnico(com.anhembi.a3.metro.a3_metro.model.Usuario)}
	at org.springframework.web.servlet.handler.AbstractHandlerMethodMapping.lookupHandlerMethod(AbstractHandlerMethodMapping.java:431)
	at org.springframework.web.servlet.handler.AbstractHandlerMethodMapping.getHandlerInternal(AbstractHandlerMethodMapping.java:382)
	at org.springframework.web.servlet.mvc.method.RequestMappingInfoHandlerMapping.getHandlerInternal(RequestMappingInfoHandlerMapping.java:127)
	at org.springframework.web.servlet.mvc.method.RequestMappingInfoHandlerMapping.getHandlerInternal(RequestMappingInfoHandlerMapping.java:68)
	at org.springframework.web.servlet.handler.AbstractHandlerMapping.getHandler(AbstractHandlerMapping.java:507)
	at org.springframework.web.servlet.DispatcherServlet.getHandler(DispatcherServlet.java:1284)
	at org.springframework.test.web.servlet.TestDispatcherServlet.getHandler(TestDispatcherServlet.java:123)
	at org.springframework.web.servlet.DispatcherServlet.doDispatch(DispatcherServlet.java:1065)
	at org.springframework.web.servlet.DispatcherServlet.doService(DispatcherServlet.java:979)
	at org.springframework.web.servlet.FrameworkServlet.processRequest(FrameworkServlet.java:1014)
	... 12 more

com.anhembi.a3.metro.a3_metro.controller.LoginUsuarioControllerTest.testLoginUsuarioTecnico_UsuarioNaoTecnico -- Time elapsed: 0.041 s <<< ERROR!
jakarta.servlet.ServletException: Request processing failed: java.lang.IllegalStateException: Ambiguous handler methods mapped for '/login/usuario_tecnico': {public org.springframework.http.ResponseEntity com.anhembi.a3.metro.a3_metro.controller.LoginUsuarioController.loginUsuario(com.anhembi.a3.metro.a3_metro.model.Usuario), public org.springframework.http.ResponseEntity com.anhembi.a3.metro.a3_metro.controller.LoginUsuarioController.loginUsuarioTecnico(com.anhembi.a3.metro.a3_metro.model.Usuario)}
	at org.springframework.web.servlet.FrameworkServlet.processRequest(FrameworkServlet.java:1022)
	at org.springframework.web.servlet.FrameworkServlet.doGet(FrameworkServlet.java:903)
	at jakarta.servlet.http.HttpServlet.service(HttpServlet.java:564)
	at org.springframework.web.servlet.FrameworkServlet.service(FrameworkServlet.java:885)
	at org.springframework.test.web.servlet.TestDispatcherServlet.service(TestDispatcherServlet.java:72)
	at jakarta.servlet.http.HttpServlet.service(HttpServlet.java:658)
	at org.springframework.mock.web.MockFilterChain$ServletFilterProxy.doFilter(MockFilterChain.java:165)
	at org.springframework.mock.web.MockFilterChain.doFilter(MockFilterChain.java:132)
	at org.springframework.test.web.servlet.MockMvc.perform(MockMvc.java:201)
	at com.anhembi.a3.metro.a3_metro.controller.LoginUsuarioControllerTest.testLoginUsuarioTecnico_UsuarioNaoTecnico(LoginUsuarioControllerTest.java:136)
	at java.base/java.lang.reflect.Method.invoke(Method.java:580)
	at java.base/java.util.ArrayList.forEach(ArrayList.java:1597)
	at java.base/java.util.ArrayList.forEach(ArrayList.java:1597)
Caused by: java.lang.IllegalStateException: Ambiguous handler methods mapped for '/login/usuario_tecnico': {public org.springframework.http.ResponseEntity com.anhembi.a3.metro.a3_metro.controller.LoginUsuarioController.loginUsuario(com.anhembi.a3.metro.a3_metro.model.Usuario), public org.springframework.http.ResponseEntity com.anhembi.a3.metro.a3_metro.controller.LoginUsuarioController.loginUsuarioTecnico(com.anhembi.a3.metro.a3_metro.model.Usuario)}
	at org.springframework.web.servlet.handler.AbstractHandlerMethodMapping.lookupHandlerMethod(AbstractHandlerMethodMapping.java:431)
	at org.springframework.web.servlet.handler.AbstractHandlerMethodMapping.getHandlerInternal(AbstractHandlerMethodMapping.java:382)
	at org.springframework.web.servlet.mvc.method.RequestMappingInfoHandlerMapping.getHandlerInternal(RequestMappingInfoHandlerMapping.java:127)
	at org.springframework.web.servlet.mvc.method.RequestMappingInfoHandlerMapping.getHandlerInternal(RequestMappingInfoHandlerMapping.java:68)
	at org.springframework.web.servlet.handler.AbstractHandlerMapping.getHandler(AbstractHandlerMapping.java:507)
	at org.springframework.web.servlet.DispatcherServlet.getHandler(DispatcherServlet.java:1284)
	at org.springframework.test.web.servlet.TestDispatcherServlet.getHandler(TestDispatcherServlet.java:123)
	at org.springframework.web.servlet.DispatcherServlet.doDispatch(DispatcherServlet.java:1065)
	at org.springframework.web.servlet.DispatcherServlet.doService(DispatcherServlet.java:979)
	at org.springframework.web.servlet.FrameworkServlet.processRequest(FrameworkServlet.java:1014)
	... 12 more

com.anhembi.a3.metro.a3_metro.controller.LoginUsuarioControllerTest.testLoginUsuario_EmailInvalido -- Time elapsed: 0.057 s <<< ERROR!
jakarta.servlet.ServletException: Request processing failed: java.lang.IllegalStateException: Ambiguous handler methods mapped for '/login/usuario': {public org.springframework.http.ResponseEntity com.anhembi.a3.metro.a3_metro.controller.LoginUsuarioController.loginUsuario(com.anhembi.a3.metro.a3_metro.model.Usuario), public org.springframework.http.ResponseEntity com.anhembi.a3.metro.a3_metro.controller.LoginUsuarioController.loginUsuarioTecnico(com.anhembi.a3.metro.a3_metro.model.Usuario)}
	at org.springframework.web.servlet.FrameworkServlet.processRequest(FrameworkServlet.java:1022)
	at org.springframework.web.servlet.FrameworkServlet.doGet(FrameworkServlet.java:903)
	at jakarta.servlet.http.HttpServlet.service(HttpServlet.java:564)
	at org.springframework.web.servlet.FrameworkServlet.service(FrameworkServlet.java:885)
	at org.springframework.test.web.servlet.TestDispatcherServlet.service(TestDispatcherServlet.java:72)
	at jakarta.servlet.http.HttpServlet.service(HttpServlet.java:658)
	at org.springframework.mock.web.MockFilterChain$ServletFilterProxy.doFilter(MockFilterChain.java:165)
	at org.springframework.mock.web.MockFilterChain.doFilter(MockFilterChain.java:132)
	at org.springframework.test.web.servlet.MockMvc.perform(MockMvc.java:201)
	at com.anhembi.a3.metro.a3_metro.controller.LoginUsuarioControllerTest.testLoginUsuario_EmailInvalido(LoginUsuarioControllerTest.java:71)
	at java.base/java.lang.reflect.Method.invoke(Method.java:580)
	at java.base/java.util.ArrayList.forEach(ArrayList.java:1597)
	at java.base/java.util.ArrayList.forEach(ArrayList.java:1597)
Caused by: java.lang.IllegalStateException: Ambiguous handler methods mapped for '/login/usuario': {public org.springframework.http.ResponseEntity com.anhembi.a3.metro.a3_metro.controller.LoginUsuarioController.loginUsuario(com.anhembi.a3.metro.a3_metro.model.Usuario), public org.springframework.http.ResponseEntity com.anhembi.a3.metro.a3_metro.controller.LoginUsuarioController.loginUsuarioTecnico(com.anhembi.a3.metro.a3_metro.model.Usuario)}
	at org.springframework.web.servlet.handler.AbstractHandlerMethodMapping.lookupHandlerMethod(AbstractHandlerMethodMapping.java:431)
	at org.springframework.web.servlet.handler.AbstractHandlerMethodMapping.getHandlerInternal(AbstractHandlerMethodMapping.java:382)
	at org.springframework.web.servlet.mvc.method.RequestMappingInfoHandlerMapping.getHandlerInternal(RequestMappingInfoHandlerMapping.java:127)
	at org.springframework.web.servlet.mvc.method.RequestMappingInfoHandlerMapping.getHandlerInternal(RequestMappingInfoHandlerMapping.java:68)
	at org.springframework.web.servlet.handler.AbstractHandlerMapping.getHandler(AbstractHandlerMapping.java:507)
	at org.springframework.web.servlet.DispatcherServlet.getHandler(DispatcherServlet.java:1284)
	at org.springframework.test.web.servlet.TestDispatcherServlet.getHandler(TestDispatcherServlet.java:123)
	at org.springframework.web.servlet.DispatcherServlet.doDispatch(DispatcherServlet.java:1065)
	at org.springframework.web.servlet.DispatcherServlet.doService(DispatcherServlet.java:979)
	at org.springframework.web.servlet.FrameworkServlet.processRequest(FrameworkServlet.java:1014)
	... 12 more

com.anhembi.a3.metro.a3_metro.controller.LoginUsuarioControllerTest.testLoginUsuarioTecnico_SenhaIncorreta -- Time elapsed: 0.025 s <<< ERROR!
jakarta.servlet.ServletException: Request processing failed: java.lang.IllegalStateException: Ambiguous handler methods mapped for '/login/usuario_tecnico': {public org.springframework.http.ResponseEntity com.anhembi.a3.metro.a3_metro.controller.LoginUsuarioController.loginUsuario(com.anhembi.a3.metro.a3_metro.model.Usuario), public org.springframework.http.ResponseEntity com.anhembi.a3.metro.a3_metro.controller.LoginUsuarioController.loginUsuarioTecnico(com.anhembi.a3.metro.a3_metro.model.Usuario)}
	at org.springframework.web.servlet.FrameworkServlet.processRequest(FrameworkServlet.java:1022)
	at org.springframework.web.servlet.FrameworkServlet.doGet(FrameworkServlet.java:903)
	at jakarta.servlet.http.HttpServlet.service(HttpServlet.java:564)
	at org.springframework.web.servlet.FrameworkServlet.service(FrameworkServlet.java:885)
	at org.springframework.test.web.servlet.TestDispatcherServlet.service(TestDispatcherServlet.java:72)
	at jakarta.servlet.http.HttpServlet.service(HttpServlet.java:658)
	at org.springframework.mock.web.MockFilterChain$ServletFilterProxy.doFilter(MockFilterChain.java:165)
	at org.springframework.mock.web.MockFilterChain.doFilter(MockFilterChain.java:132)
	at org.springframework.test.web.servlet.MockMvc.perform(MockMvc.java:201)
	at com.anhembi.a3.metro.a3_metro.controller.LoginUsuarioControllerTest.testLoginUsuarioTecnico_SenhaIncorreta(LoginUsuarioControllerTest.java:151)
	at java.base/java.lang.reflect.Method.invoke(Method.java:580)
	at java.base/java.util.ArrayList.forEach(ArrayList.java:1597)
	at java.base/java.util.ArrayList.forEach(ArrayList.java:1597)
Caused by: java.lang.IllegalStateException: Ambiguous handler methods mapped for '/login/usuario_tecnico': {public org.springframework.http.ResponseEntity com.anhembi.a3.metro.a3_metro.controller.LoginUsuarioController.loginUsuario(com.anhembi.a3.metro.a3_metro.model.Usuario), public org.springframework.http.ResponseEntity com.anhembi.a3.metro.a3_metro.controller.LoginUsuarioController.loginUsuarioTecnico(com.anhembi.a3.metro.a3_metro.model.Usuario)}
	at org.springframework.web.servlet.handler.AbstractHandlerMethodMapping.lookupHandlerMethod(AbstractHandlerMethodMapping.java:431)
	at org.springframework.web.servlet.handler.AbstractHandlerMethodMapping.getHandlerInternal(AbstractHandlerMethodMapping.java:382)
	at org.springframework.web.servlet.mvc.method.RequestMappingInfoHandlerMapping.getHandlerInternal(RequestMappingInfoHandlerMapping.java:127)
	at org.springframework.web.servlet.mvc.method.RequestMappingInfoHandlerMapping.getHandlerInternal(RequestMappingInfoHandlerMapping.java:68)
	at org.springframework.web.servlet.handler.AbstractHandlerMapping.getHandler(AbstractHandlerMapping.java:507)
	at org.springframework.web.servlet.DispatcherServlet.getHandler(DispatcherServlet.java:1284)
	at org.springframework.test.web.servlet.TestDispatcherServlet.getHandler(TestDispatcherServlet.java:123)
	at org.springframework.web.servlet.DispatcherServlet.doDispatch(DispatcherServlet.java:1065)
	at org.springframework.web.servlet.DispatcherServlet.doService(DispatcherServlet.java:979)
	at org.springframework.web.servlet.FrameworkServlet.processRequest(FrameworkServlet.java:1014)
	... 12 more

com.anhembi.a3.metro.a3_metro.controller.LoginUsuarioControllerTest.testLoginUsuario_Sucesso -- Time elapsed: 0.023 s <<< ERROR!
jakarta.servlet.ServletException: Request processing failed: java.lang.IllegalStateException: Ambiguous handler methods mapped for '/login/usuario': {public org.springframework.http.ResponseEntity com.anhembi.a3.metro.a3_metro.controller.LoginUsuarioController.loginUsuario(com.anhembi.a3.metro.a3_metro.model.Usuario), public org.springframework.http.ResponseEntity com.anhembi.a3.metro.a3_metro.controller.LoginUsuarioController.loginUsuarioTecnico(com.anhembi.a3.metro.a3_metro.model.Usuario)}
	at org.springframework.web.servlet.FrameworkServlet.processRequest(FrameworkServlet.java:1022)
	at org.springframework.web.servlet.FrameworkServlet.doGet(FrameworkServlet.java:903)
	at jakarta.servlet.http.HttpServlet.service(HttpServlet.java:564)
	at org.springframework.web.servlet.FrameworkServlet.service(FrameworkServlet.java:885)
	at org.springframework.test.web.servlet.TestDispatcherServlet.service(TestDispatcherServlet.java:72)
	at jakarta.servlet.http.HttpServlet.service(HttpServlet.java:658)
	at org.springframework.mock.web.MockFilterChain$ServletFilterProxy.doFilter(MockFilterChain.java:165)
	at org.springframework.mock.web.MockFilterChain.doFilter(MockFilterChain.java:132)
	at org.springframework.test.web.servlet.MockMvc.perform(MockMvc.java:201)
	at com.anhembi.a3.metro.a3_metro.controller.LoginUsuarioControllerTest.testLoginUsuario_Sucesso(LoginUsuarioControllerTest.java:57)
	at java.base/java.lang.reflect.Method.invoke(Method.java:580)
	at java.base/java.util.ArrayList.forEach(ArrayList.java:1597)
	at java.base/java.util.ArrayList.forEach(ArrayList.java:1597)
Caused by: java.lang.IllegalStateException: Ambiguous handler methods mapped for '/login/usuario': {public org.springframework.http.ResponseEntity com.anhembi.a3.metro.a3_metro.controller.LoginUsuarioController.loginUsuario(com.anhembi.a3.metro.a3_metro.model.Usuario), public org.springframework.http.ResponseEntity com.anhembi.a3.metro.a3_metro.controller.LoginUsuarioController.loginUsuarioTecnico(com.anhembi.a3.metro.a3_metro.model.Usuario)}
	at org.springframework.web.servlet.handler.AbstractHandlerMethodMapping.lookupHandlerMethod(AbstractHandlerMethodMapping.java:431)
	at org.springframework.web.servlet.handler.AbstractHandlerMethodMapping.getHandlerInternal(AbstractHandlerMethodMapping.java:382)
	at org.springframework.web.servlet.mvc.method.RequestMappingInfoHandlerMapping.getHandlerInternal(RequestMappingInfoHandlerMapping.java:127)
	at org.springframework.web.servlet.mvc.method.RequestMappingInfoHandlerMapping.getHandlerInternal(RequestMappingInfoHandlerMapping.java:68)
	at org.springframework.web.servlet.handler.AbstractHandlerMapping.getHandler(AbstractHandlerMapping.java:507)
	at org.springframework.web.servlet.DispatcherServlet.getHandler(DispatcherServlet.java:1284)
	at org.springframework.test.web.servlet.TestDispatcherServlet.getHandler(TestDispatcherServlet.java:123)
	at org.springframework.web.servlet.DispatcherServlet.doDispatch(DispatcherServlet.java:1065)
	at org.springframework.web.servlet.DispatcherServlet.doService(DispatcherServlet.java:979)
	at org.springframework.web.servlet.FrameworkServlet.processRequest(FrameworkServlet.java:1014)
	... 12 more

com.anhembi.a3.metro.a3_metro.controller.LoginUsuarioControllerTest.testLoginUsuario_UsuarioNaoEncontrado -- Time elapsed: 0.012 s <<< ERROR!
jakarta.servlet.ServletException: Request processing failed: java.lang.IllegalStateException: Ambiguous handler methods mapped for '/login/usuario': {public org.springframework.http.ResponseEntity com.anhembi.a3.metro.a3_metro.controller.LoginUsuarioController.loginUsuario(com.anhembi.a3.metro.a3_metro.model.Usuario), public org.springframework.http.ResponseEntity com.anhembi.a3.metro.a3_metro.controller.LoginUsuarioController.loginUsuarioTecnico(com.anhembi.a3.metro.a3_metro.model.Usuario)}
	at org.springframework.web.servlet.FrameworkServlet.processRequest(FrameworkServlet.java:1022)
	at org.springframework.web.servlet.FrameworkServlet.doGet(FrameworkServlet.java:903)
	at jakarta.servlet.http.HttpServlet.service(HttpServlet.java:564)
	at org.springframework.web.servlet.FrameworkServlet.service(FrameworkServlet.java:885)
	at org.springframework.test.web.servlet.TestDispatcherServlet.service(TestDispatcherServlet.java:72)
	at jakarta.servlet.http.HttpServlet.service(HttpServlet.java:658)
	at org.springframework.mock.web.MockFilterChain$ServletFilterProxy.doFilter(MockFilterChain.java:165)
	at org.springframework.mock.web.MockFilterChain.doFilter(MockFilterChain.java:132)
	at org.springframework.test.web.servlet.MockMvc.perform(MockMvc.java:201)
	at com.anhembi.a3.metro.a3_metro.controller.LoginUsuarioControllerTest.testLoginUsuario_UsuarioNaoEncontrado(LoginUsuarioControllerTest.java:86)
	at java.base/java.lang.reflect.Method.invoke(Method.java:580)
	at java.base/java.util.ArrayList.forEach(ArrayList.java:1597)
	at java.base/java.util.ArrayList.forEach(ArrayList.java:1597)
Caused by: java.lang.IllegalStateException: Ambiguous handler methods mapped for '/login/usuario': {public org.springframework.http.ResponseEntity com.anhembi.a3.metro.a3_metro.controller.LoginUsuarioController.loginUsuario(com.anhembi.a3.metro.a3_metro.model.Usuario), public org.springframework.http.ResponseEntity com.anhembi.a3.metro.a3_metro.controller.LoginUsuarioController.loginUsuarioTecnico(com.anhembi.a3.metro.a3_metro.model.Usuario)}
	at org.springframework.web.servlet.handler.AbstractHandlerMethodMapping.lookupHandlerMethod(AbstractHandlerMethodMapping.java:431)
	at org.springframework.web.servlet.handler.AbstractHandlerMethodMapping.getHandlerInternal(AbstractHandlerMethodMapping.java:382)
	at org.springframework.web.servlet.mvc.method.RequestMappingInfoHandlerMapping.getHandlerInternal(RequestMappingInfoHandlerMapping.java:127)
	at org.springframework.web.servlet.mvc.method.RequestMappingInfoHandlerMapping.getHandlerInternal(RequestMappingInfoHandlerMapping.java:68)
	at org.springframework.web.servlet.handler.AbstractHandlerMapping.getHandler(AbstractHandlerMapping.java:507)
	at org.springframework.web.servlet.DispatcherServlet.getHandler(DispatcherServlet.java:1284)
	at org.springframework.test.web.servlet.TestDispatcherServlet.getHandler(TestDispatcherServlet.java:123)
	at org.springframework.web.servlet.DispatcherServlet.doDispatch(DispatcherServlet.java:1065)
	at org.springframework.web.servlet.DispatcherServlet.doService(DispatcherServlet.java:979)
	at org.springframework.web.servlet.FrameworkServlet.processRequest(FrameworkServlet.java:1014)
	... 12 more

com.anhembi.a3.metro.a3_metro.controller.LoginUsuarioControllerTest.testLoginUsuario_SenhaIncorreta -- Time elapsed: 0.013 s <<< ERROR!
jakarta.servlet.ServletException: Request processing failed: java.lang.IllegalStateException: Ambiguous handler methods mapped for '/login/usuario': {public org.springframework.http.ResponseEntity com.anhembi.a3.metro.a3_metro.controller.LoginUsuarioController.loginUsuario(com.anhembi.a3.metro.a3_metro.model.Usuario), public org.springframework.http.ResponseEntity com.anhembi.a3.metro.a3_metro.controller.LoginUsuarioController.loginUsuarioTecnico(com.anhembi.a3.metro.a3_metro.model.Usuario)}
	at org.springframework.web.servlet.FrameworkServlet.processRequest(FrameworkServlet.java:1022)
	at org.springframework.web.servlet.FrameworkServlet.doGet(FrameworkServlet.java:903)
	at jakarta.servlet.http.HttpServlet.service(HttpServlet.java:564)
	at org.springframework.web.servlet.FrameworkServlet.service(FrameworkServlet.java:885)
	at org.springframework.test.web.servlet.TestDispatcherServlet.service(TestDispatcherServlet.java:72)
	at jakarta.servlet.http.HttpServlet.service(HttpServlet.java:658)
	at org.springframework.mock.web.MockFilterChain$ServletFilterProxy.doFilter(MockFilterChain.java:165)
	at org.springframework.mock.web.MockFilterChain.doFilter(MockFilterChain.java:132)
	at org.springframework.test.web.servlet.MockMvc.perform(MockMvc.java:201)
	at com.anhembi.a3.metro.a3_metro.controller.LoginUsuarioControllerTest.testLoginUsuario_SenhaIncorreta(LoginUsuarioControllerTest.java:101)
	at java.base/java.lang.reflect.Method.invoke(Method.java:580)
	at java.base/java.util.ArrayList.forEach(ArrayList.java:1597)
	at java.base/java.util.ArrayList.forEach(ArrayList.java:1597)
Caused by: java.lang.IllegalStateException: Ambiguous handler methods mapped for '/login/usuario': {public org.springframework.http.ResponseEntity com.anhembi.a3.metro.a3_metro.controller.LoginUsuarioController.loginUsuario(com.anhembi.a3.metro.a3_metro.model.Usuario), public org.springframework.http.ResponseEntity com.anhembi.a3.metro.a3_metro.controller.LoginUsuarioController.loginUsuarioTecnico(com.anhembi.a3.metro.a3_metro.model.Usuario)}
	at org.springframework.web.servlet.handler.AbstractHandlerMethodMapping.lookupHandlerMethod(AbstractHandlerMethodMapping.java:431)
	at org.springframework.web.servlet.handler.AbstractHandlerMethodMapping.getHandlerInternal(AbstractHandlerMethodMapping.java:382)
	at org.springframework.web.servlet.mvc.method.RequestMappingInfoHandlerMapping.getHandlerInternal(RequestMappingInfoHandlerMapping.java:127)
	at org.springframework.web.servlet.mvc.method.RequestMappingInfoHandlerMapping.getHandlerInternal(RequestMappingInfoHandlerMapping.java:68)
	at org.springframework.web.servlet.handler.AbstractHandlerMapping.getHandler(AbstractHandlerMapping.java:507)
	at org.springframework.web.servlet.DispatcherServlet.getHandler(DispatcherServlet.java:1284)
	at org.springframework.test.web.servlet.TestDispatcherServlet.getHandler(TestDispatcherServlet.java:123)
	at org.springframework.web.servlet.DispatcherServlet.doDispatch(DispatcherServlet.java:1065)
	at org.springframework.web.servlet.DispatcherServlet.doService(DispatcherServlet.java:979)
	at org.springframework.web.servlet.FrameworkServlet.processRequest(FrameworkServlet.java:1014)
	... 12 more

