<?xml version="1.0" encoding="UTF-8"?>
<testsuite xmlns:xsi="http://www.w3.org/2001/XMLSchema-instance" xsi:noNamespaceSchemaLocation="https://maven.apache.org/surefire/maven-surefire-plugin/xsd/surefire-test-report-3.0.xsd" version="3.0" name="com.anhembi.a3.metro.a3_metro.controller.LoginUsuarioControllerTest" time="2.794" tests="7" errors="7" skipped="0" failures="0">
  <properties>
[...]
</properties>
  <testcase name="testLoginUsuarioTecnico_Sucesso" classname="com.anhembi.a3.metro.a3_metro.controller.LoginUsuarioControllerTest" time="2.494">
    <error message="Request processing failed: java.lang.IllegalStateException: Ambiguous handler methods mapped for &apos;/login/usuario_tecnico&apos;: {public org.springframework.http.ResponseEntity com.anhembi.a3.metro.a3_metro.controller.LoginUsuarioController.loginUsuario(com.anhembi.a3.metro.a3_metro.model.Usuario), public org.springframework.http.ResponseEntity com.anhembi.a3.metro.a3_metro.controller.LoginUsuarioController.loginUsuarioTecnico(com.anhembi.a3.metro.a3_metro.model.Usuario)}" type="jakarta.servlet.ServletException"><![CDATA[jakarta.servlet.ServletException: Request processing failed: java.lang.IllegalStateException: Ambiguous handler methods mapped for '/login/usuario_tecnico': {public org.springframework.http.ResponseEntity com.anhembi.a3.metro.a3_metro.controller.LoginUsuarioController.loginUsuario(com.anhembi.a3.metro.a3_metro.model.Usuario), public org.springframework.http.ResponseEntity com.anhembi.a3.metro.a3_metro.controller.LoginUsuarioController.loginUsuarioTecnico(com.anhembi.a3.metro.a3_metro.model.Usuario)}
	at org.springframework.web.servlet.FrameworkServlet.processRequest(FrameworkServlet.java:1022)
	at org.springframework.web.servlet.FrameworkServlet.doGet(FrameworkServlet.java:903)
	at jakarta.servlet.http.HttpServlet.service(HttpServlet.java:564)
	at org.springframework.web.servlet.FrameworkServlet.service(FrameworkServlet.java:885)
	at org.springframework.test.web.servlet.TestDispatcherServlet.service(TestDispatcherServlet.java:72)
	at jakarta.servlet.http.HttpServlet.service(HttpServlet.java:658)
	at org.springframework.mock.web.MockFilterChain$ServletFilterProxy.doFilter(MockFilterChain.java:165)
	at org.springframework.mock.web.MockFilterChain.doFilter(MockFilterChain.java:132)
	at org.springframework.test.web.servlet.MockMvc.perform(MockMvc.java:201)
	at com.anhembi.a3.metro.a3_metro.controller.LoginUsuarioControllerTest.testLoginUsuarioTecnico_Sucesso(LoginUsuarioControllerTest.java:116)
	at java.base/java.lang.reflect.Method.invoke(Method.java:580)
	at java.base/java.util.ArrayList.forEach(ArrayList.java:1597)
	at java.base/java.util.ArrayList.forEach(ArrayList.java:1597)
Caused by: java.lang.IllegalStateException: Ambiguous handler methods mapped for '/login/usuario_tecnico': {public org.springframework.http.ResponseEntity com.anhembi.a3.metro.a3_metro.controller.LoginUsuarioController.loginUsuario(com.anhembi.a3.metro.a3_metro.model.Usuario), public org.springframework.http.ResponseEntity com.anhembi.a3.metro.a3_metro.controller.LoginUsuarioController.loginUsuarioTecnico(com.anhembi.a3.metro.a3_metro.model.Usuario)}
	at org.springframework.web.servlet.handler.AbstractHandlerMethodMapping.lookupHandlerMethod(AbstractHandlerMethodMapping.java:431)
	at org.springframework.web.servlet.handler.AbstractHandlerMethodMapping.getHandlerInternal(AbstractHandlerMethodMapping.java:382)
	at org.springframework.web.servlet.mvc.method.RequestMappingInfoHandlerMapping.getHandlerInternal(RequestMappingInfoHandlerMapping.java:127)
	at org.springframework.web.servlet.mvc.method.RequestMappingInfoHandlerMapping.getHandlerInternal(RequestMappingInfoHandlerMapping.java:68)
	at org.springframework.web.servlet.handler.AbstractHandlerMapping.getHandler(AbstractHandlerMapping.java:507)
	at org.springframework.web.servlet.DispatcherServlet.getHandler(DispatcherServlet.java:1284)
	at org.springframework.test.web.servlet.TestDispatcherServlet.getHandler(TestDispatcherServlet.java:123)
	at org.springframework.web.servlet.DispatcherServlet.doDispatch(DispatcherServlet.java:1065)
	at org.springframework.web.servlet.DispatcherServlet.doService(DispatcherServlet.java:979)
	at org.springframework.web.servlet.FrameworkServlet.processRequest(FrameworkServlet.java:1014)
	... 12 more
]]></error>
    <system-out><![CDATA[19:25:37.231 [main] INFO org.springframework.mock.web.MockServletContext -- Initializing Spring TestDispatcherServlet ''
19:25:37.234 [main] INFO org.springframework.test.web.servlet.TestDispatcherServlet -- Initializing Servlet ''
19:25:37.240 [main] INFO org.springframework.test.web.servlet.TestDispatcherServlet -- Completed initialization in 4 ms
]]></system-out>
    <system-err><![CDATA[WARNING: A Java agent has been loaded dynamically (C:\Users\profslpa\.m2\repository\net\bytebuddy\byte-buddy-agent\1.14.19\byte-buddy-agent-1.14.19.jar)
WARNING: If a serviceability tool is in use, please run with -XX:+EnableDynamicAgentLoading to hide this warning
WARNING: If a serviceability tool is not in use, please run with -Djdk.instrument.traceUsage for more information
WARNING: Dynamic loading of agents will be disallowed by default in a future release
]]></system-err>
  </testcase>
  <testcase name="testLoginUsuarioTecnico_UsuarioNaoTecnico" classname="com.anhembi.a3.metro.a3_metro.controller.LoginUsuarioControllerTest" time="0.041">
    <error message="Request processing failed: java.lang.IllegalStateException: Ambiguous handler methods mapped for &apos;/login/usuario_tecnico&apos;: {public org.springframework.http.ResponseEntity com.anhembi.a3.metro.a3_metro.controller.LoginUsuarioController.loginUsuario(com.anhembi.a3.metro.a3_metro.model.Usuario), public org.springframework.http.ResponseEntity com.anhembi.a3.metro.a3_metro.controller.LoginUsuarioController.loginUsuarioTecnico(com.anhembi.a3.metro.a3_metro.model.Usuario)}" type="jakarta.servlet.ServletException"><![CDATA[jakarta.servlet.ServletException: Request processing failed: java.lang.IllegalStateException: Ambiguous handler methods mapped for '/login/usuario_tecnico': {public org.springframework.http.ResponseEntity com.anhembi.a3.metro.a3_metro.controller.LoginUsuarioController.loginUsuario(com.anhembi.a3.metro.a3_metro.model.Usuario), public org.springframework.http.ResponseEntity com.anhembi.a3.metro.a3_metro.controller.LoginUsuarioController.loginUsuarioTecnico(com.anhembi.a3.metro.a3_metro.model.Usuario)}
	at org.springframework.web.servlet.FrameworkServlet.processRequest(FrameworkServlet.java:1022)
	at org.springframework.web.servlet.FrameworkServlet.doGet(FrameworkServlet.java:903)
	at jakarta.servlet.http.HttpServlet.service(HttpServlet.java:564)
	at org.springframework.web.servlet.FrameworkServlet.service(FrameworkServlet.java:885)
	at org.springframework.test.web.servlet.TestDispatcherServlet.service(TestDispatcherServlet.java:72)
	at jakarta.servlet.http.HttpServlet.service(HttpServlet.java:658)
	at org.springframework.mock.web.MockFilterChain$ServletFilterProxy.doFilter(MockFilterChain.java:165)
	at org.springframework.mock.web.MockFilterChain.doFilter(MockFilterChain.java:132)
	at org.springframework.test.web.servlet.MockMvc.perform(MockMvc.java:201)
	at com.anhembi.a3.metro.a3_metro.controller.LoginUsuarioControllerTest.testLoginUsuarioTecnico_UsuarioNaoTecnico(LoginUsuarioControllerTest.java:136)
	at java.base/java.lang.reflect.Method.invoke(Method.java:580)
	at java.base/java.util.ArrayList.forEach(ArrayList.java:1597)
	at java.base/java.util.ArrayList.forEach(ArrayList.java:1597)
Caused by: java.lang.IllegalStateException: Ambiguous handler methods mapped for '/login/usuario_tecnico': {public org.springframework.http.ResponseEntity com.anhembi.a3.metro.a3_metro.controller.LoginUsuarioController.loginUsuario(com.anhembi.a3.metro.a3_metro.model.Usuario), public org.springframework.http.ResponseEntity com.anhembi.a3.metro.a3_metro.controller.LoginUsuarioController.loginUsuarioTecnico(com.anhembi.a3.metro.a3_metro.model.Usuario)}
	at org.springframework.web.servlet.handler.AbstractHandlerMethodMapping.lookupHandlerMethod(AbstractHandlerMethodMapping.java:431)
	at org.springframework.web.servlet.handler.AbstractHandlerMethodMapping.getHandlerInternal(AbstractHandlerMethodMapping.java:382)
	at org.springframework.web.servlet.mvc.method.RequestMappingInfoHandlerMapping.getHandlerInternal(RequestMappingInfoHandlerMapping.java:127)
	at org.springframework.web.servlet.mvc.method.RequestMappingInfoHandlerMapping.getHandlerInternal(RequestMappingInfoHandlerMapping.java:68)
	at org.springframework.web.servlet.handler.AbstractHandlerMapping.getHandler(AbstractHandlerMapping.java:507)
	at org.springframework.web.servlet.DispatcherServlet.getHandler(DispatcherServlet.java:1284)
	at org.springframework.test.web.servlet.TestDispatcherServlet.getHandler(TestDispatcherServlet.java:123)
	at org.springframework.web.servlet.DispatcherServlet.doDispatch(DispatcherServlet.java:1065)
	at org.springframework.web.servlet.DispatcherServlet.doService(DispatcherServlet.java:979)
	at org.springframework.web.servlet.FrameworkServlet.processRequest(FrameworkServlet.java:1014)
	... 12 more
]]></error>
    <system-out><![CDATA[19:25:37.445 [main] INFO org.springframework.mock.web.MockServletContext -- Initializing Spring TestDispatcherServlet ''
19:25:37.445 [main] INFO org.springframework.test.web.servlet.TestDispatcherServlet -- Initializing Servlet ''
19:25:37.447 [main] INFO org.springframework.test.web.servlet.TestDispatcherServlet -- Completed initialization in 2 ms
]]></system-out>
  </testcase>
  <testcase name="testLoginUsuario_EmailInvalido" classname="com.anhembi.a3.metro.a3_metro.controller.LoginUsuarioControllerTest" time="0.057">
    <error message="Request processing failed: java.lang.IllegalStateException: Ambiguous handler methods mapped for &apos;/login/usuario&apos;: {public org.springframework.http.ResponseEntity com.anhembi.a3.metro.a3_metro.controller.LoginUsuarioController.loginUsuario(com.anhembi.a3.metro.a3_metro.model.Usuario), public org.springframework.http.ResponseEntity com.anhembi.a3.metro.a3_metro.controller.LoginUsuarioController.loginUsuarioTecnico(com.anhembi.a3.metro.a3_metro.model.Usuario)}" type="jakarta.servlet.ServletException"><![CDATA[jakarta.servlet.ServletException: Request processing failed: java.lang.IllegalStateException: Ambiguous handler methods mapped for '/login/usuario': {public org.springframework.http.ResponseEntity com.anhembi.a3.metro.a3_metro.controller.LoginUsuarioController.loginUsuario(com.anhembi.a3.metro.a3_metro.model.Usuario), public org.springframework.http.ResponseEntity com.anhembi.a3.metro.a3_metro.controller.LoginUsuarioController.loginUsuarioTecnico(com.anhembi.a3.metro.a3_metro.model.Usuario)}
	at org.springframework.web.servlet.FrameworkServlet.processRequest(FrameworkServlet.java:1022)
	at org.springframework.web.servlet.FrameworkServlet.doGet(FrameworkServlet.java:903)
	at jakarta.servlet.http.HttpServlet.service(HttpServlet.java:564)
	at org.springframework.web.servlet.FrameworkServlet.service(FrameworkServlet.java:885)
	at org.springframework.test.web.servlet.TestDispatcherServlet.service(TestDispatcherServlet.java:72)
	at jakarta.servlet.http.HttpServlet.service(HttpServlet.java:658)
	at org.springframework.mock.web.MockFilterChain$ServletFilterProxy.doFilter(MockFilterChain.java:165)
	at org.springframework.mock.web.MockFilterChain.doFilter(MockFilterChain.java:132)
	at org.springframework.test.web.servlet.MockMvc.perform(MockMvc.java:201)
	at com.anhembi.a3.metro.a3_metro.controller.LoginUsuarioControllerTest.testLoginUsuario_EmailInvalido(LoginUsuarioControllerTest.java:71)
	at java.base/java.lang.reflect.Method.invoke(Method.java:580)
	at java.base/java.util.ArrayList.forEach(ArrayList.java:1597)
	at java.base/java.util.ArrayList.forEach(ArrayList.java:1597)
Caused by: java.lang.IllegalStateException: Ambiguous handler methods mapped for '/login/usuario': {public org.springframework.http.ResponseEntity com.anhembi.a3.metro.a3_metro.controller.LoginUsuarioController.loginUsuario(com.anhembi.a3.metro.a3_metro.model.Usuario), public org.springframework.http.ResponseEntity com.anhembi.a3.metro.a3_metro.controller.LoginUsuarioController.loginUsuarioTecnico(com.anhembi.a3.metro.a3_metro.model.Usuario)}
	at org.springframework.web.servlet.handler.AbstractHandlerMethodMapping.lookupHandlerMethod(AbstractHandlerMethodMapping.java:431)
	at org.springframework.web.servlet.handler.AbstractHandlerMethodMapping.getHandlerInternal(AbstractHandlerMethodMapping.java:382)
	at org.springframework.web.servlet.mvc.method.RequestMappingInfoHandlerMapping.getHandlerInternal(RequestMappingInfoHandlerMapping.java:127)
	at org.springframework.web.servlet.mvc.method.RequestMappingInfoHandlerMapping.getHandlerInternal(RequestMappingInfoHandlerMapping.java:68)
	at org.springframework.web.servlet.handler.AbstractHandlerMapping.getHandler(AbstractHandlerMapping.java:507)
	at org.springframework.web.servlet.DispatcherServlet.getHandler(DispatcherServlet.java:1284)
	at org.springframework.test.web.servlet.TestDispatcherServlet.getHandler(TestDispatcherServlet.java:123)
	at org.springframework.web.servlet.DispatcherServlet.doDispatch(DispatcherServlet.java:1065)
	at org.springframework.web.servlet.DispatcherServlet.doService(DispatcherServlet.java:979)
	at org.springframework.web.servlet.FrameworkServlet.processRequest(FrameworkServlet.java:1014)
	... 12 more
]]></error>
    <system-out><![CDATA[19:25:37.514 [main] INFO org.springframework.mock.web.MockServletContext -- Initializing Spring TestDispatcherServlet ''
19:25:37.514 [main] INFO org.springframework.test.web.servlet.TestDispatcherServlet -- Initializing Servlet ''
19:25:37.514 [main] INFO org.springframework.test.web.servlet.TestDispatcherServlet -- Completed initialization in 0 ms
]]></system-out>
  </testcase>
  <testcase name="testLoginUsuarioTecnico_SenhaIncorreta" classname="com.anhembi.a3.metro.a3_metro.controller.LoginUsuarioControllerTest" time="0.025">
    <error message="Request processing failed: java.lang.IllegalStateException: Ambiguous handler methods mapped for &apos;/login/usuario_tecnico&apos;: {public org.springframework.http.ResponseEntity com.anhembi.a3.metro.a3_metro.controller.LoginUsuarioController.loginUsuario(com.anhembi.a3.metro.a3_metro.model.Usuario), public org.springframework.http.ResponseEntity com.anhembi.a3.metro.a3_metro.controller.LoginUsuarioController.loginUsuarioTecnico(com.anhembi.a3.metro.a3_metro.model.Usuario)}" type="jakarta.servlet.ServletException"><![CDATA[jakarta.servlet.ServletException: Request processing failed: java.lang.IllegalStateException: Ambiguous handler methods mapped for '/login/usuario_tecnico': {public org.springframework.http.ResponseEntity com.anhembi.a3.metro.a3_metro.controller.LoginUsuarioController.loginUsuario(com.anhembi.a3.metro.a3_metro.model.Usuario), public org.springframework.http.ResponseEntity com.anhembi.a3.metro.a3_metro.controller.LoginUsuarioController.loginUsuarioTecnico(com.anhembi.a3.metro.a3_metro.model.Usuario)}
	at org.springframework.web.servlet.FrameworkServlet.processRequest(FrameworkServlet.java:1022)
	at org.springframework.web.servlet.FrameworkServlet.doGet(FrameworkServlet.java:903)
	at jakarta.servlet.http.HttpServlet.service(HttpServlet.java:564)
	at org.springframework.web.servlet.FrameworkServlet.service(FrameworkServlet.java:885)
	at org.springframework.test.web.servlet.TestDispatcherServlet.service(TestDispatcherServlet.java:72)
	at jakarta.servlet.http.HttpServlet.service(HttpServlet.java:658)
	at org.springframework.mock.web.MockFilterChain$ServletFilterProxy.doFilter(MockFilterChain.java:165)
	at org.springframework.mock.web.MockFilterChain.doFilter(MockFilterChain.java:132)
	at org.springframework.test.web.servlet.MockMvc.perform(MockMvc.java:201)
	at com.anhembi.a3.metro.a3_metro.controller.LoginUsuarioControllerTest.testLoginUsuarioTecnico_SenhaIncorreta(LoginUsuarioControllerTest.java:151)
	at java.base/java.lang.reflect.Method.invoke(Method.java:580)
	at java.base/java.util.ArrayList.forEach(ArrayList.java:1597)
	at java.base/java.util.ArrayList.forEach(ArrayList.java:1597)
Caused by: java.lang.IllegalStateException: Ambiguous handler methods mapped for '/login/usuario_tecnico': {public org.springframework.http.ResponseEntity com.anhembi.a3.metro.a3_metro.controller.LoginUsuarioController.loginUsuario(com.anhembi.a3.metro.a3_metro.model.Usuario), public org.springframework.http.ResponseEntity com.anhembi.a3.metro.a3_metro.controller.LoginUsuarioController.loginUsuarioTecnico(com.anhembi.a3.metro.a3_metro.model.Usuario)}
	at org.springframework.web.servlet.handler.AbstractHandlerMethodMapping.lookupHandlerMethod(AbstractHandlerMethodMapping.java:431)
	at org.springframework.web.servlet.handler.AbstractHandlerMethodMapping.getHandlerInternal(AbstractHandlerMethodMapping.java:382)
	at org.springframework.web.servlet.mvc.method.RequestMappingInfoHandlerMapping.getHandlerInternal(RequestMappingInfoHandlerMapping.java:127)
	at org.springframework.web.servlet.mvc.method.RequestMappingInfoHandlerMapping.getHandlerInternal(RequestMappingInfoHandlerMapping.java:68)
	at org.springframework.web.servlet.handler.AbstractHandlerMapping.getHandler(AbstractHandlerMapping.java:507)
	at org.springframework.web.servlet.DispatcherServlet.getHandler(DispatcherServlet.java:1284)
	at org.springframework.test.web.servlet.TestDispatcherServlet.getHandler(TestDispatcherServlet.java:123)
	at org.springframework.web.servlet.DispatcherServlet.doDispatch(DispatcherServlet.java:1065)
	at org.springframework.web.servlet.DispatcherServlet.doService(DispatcherServlet.java:979)
	at org.springframework.web.servlet.FrameworkServlet.processRequest(FrameworkServlet.java:1014)
	... 12 more
]]></error>
    <system-out><![CDATA[19:25:37.561 [main] INFO org.springframework.mock.web.MockServletContext -- Initializing Spring TestDispatcherServlet ''
19:25:37.561 [main] INFO org.springframework.test.web.servlet.TestDispatcherServlet -- Initializing Servlet ''
19:25:37.561 [main] INFO org.springframework.test.web.servlet.TestDispatcherServlet -- Completed initialization in 0 ms
]]></system-out>
  </testcase>
  <testcase name="testLoginUsuario_Sucesso" classname="com.anhembi.a3.metro.a3_metro.controller.LoginUsuarioControllerTest" time="0.023">
    <error message="Request processing failed: java.lang.IllegalStateException: Ambiguous handler methods mapped for &apos;/login/usuario&apos;: {public org.springframework.http.ResponseEntity com.anhembi.a3.metro.a3_metro.controller.LoginUsuarioController.loginUsuario(com.anhembi.a3.metro.a3_metro.model.Usuario), public org.springframework.http.ResponseEntity com.anhembi.a3.metro.a3_metro.controller.LoginUsuarioController.loginUsuarioTecnico(com.anhembi.a3.metro.a3_metro.model.Usuario)}" type="jakarta.servlet.ServletException"><![CDATA[jakarta.servlet.ServletException: Request processing failed: java.lang.IllegalStateException: Ambiguous handler methods mapped for '/login/usuario': {public org.springframework.http.ResponseEntity com.anhembi.a3.metro.a3_metro.controller.LoginUsuarioController.loginUsuario(com.anhembi.a3.metro.a3_metro.model.Usuario), public org.springframework.http.ResponseEntity com.anhembi.a3.metro.a3_metro.controller.LoginUsuarioController.loginUsuarioTecnico(com.anhembi.a3.metro.a3_metro.model.Usuario)}
	at org.springframework.web.servlet.FrameworkServlet.processRequest(FrameworkServlet.java:1022)
	at org.springframework.web.servlet.FrameworkServlet.doGet(FrameworkServlet.java:903)
	at jakarta.servlet.http.HttpServlet.service(HttpServlet.java:564)
	at org.springframework.web.servlet.FrameworkServlet.service(FrameworkServlet.java:885)
	at org.springframework.test.web.servlet.TestDispatcherServlet.service(TestDispatcherServlet.java:72)
	at jakarta.servlet.http.HttpServlet.service(HttpServlet.java:658)
	at org.springframework.mock.web.MockFilterChain$ServletFilterProxy.doFilter(MockFilterChain.java:165)
	at org.springframework.mock.web.MockFilterChain.doFilter(MockFilterChain.java:132)
	at org.springframework.test.web.servlet.MockMvc.perform(MockMvc.java:201)
	at com.anhembi.a3.metro.a3_metro.controller.LoginUsuarioControllerTest.testLoginUsuario_Sucesso(LoginUsuarioControllerTest.java:57)
	at java.base/java.lang.reflect.Method.invoke(Method.java:580)
	at java.base/java.util.ArrayList.forEach(ArrayList.java:1597)
	at java.base/java.util.ArrayList.forEach(ArrayList.java:1597)
Caused by: java.lang.IllegalStateException: Ambiguous handler methods mapped for '/login/usuario': {public org.springframework.http.ResponseEntity com.anhembi.a3.metro.a3_metro.controller.LoginUsuarioController.loginUsuario(com.anhembi.a3.metro.a3_metro.model.Usuario), public org.springframework.http.ResponseEntity com.anhembi.a3.metro.a3_metro.controller.LoginUsuarioController.loginUsuarioTecnico(com.anhembi.a3.metro.a3_metro.model.Usuario)}
	at org.springframework.web.servlet.handler.AbstractHandlerMethodMapping.lookupHandlerMethod(AbstractHandlerMethodMapping.java:431)
	at org.springframework.web.servlet.handler.AbstractHandlerMethodMapping.getHandlerInternal(AbstractHandlerMethodMapping.java:382)
	at org.springframework.web.servlet.mvc.method.RequestMappingInfoHandlerMapping.getHandlerInternal(RequestMappingInfoHandlerMapping.java:127)
	at org.springframework.web.servlet.mvc.method.RequestMappingInfoHandlerMapping.getHandlerInternal(RequestMappingInfoHandlerMapping.java:68)
	at org.springframework.web.servlet.handler.AbstractHandlerMapping.getHandler(AbstractHandlerMapping.java:507)
	at org.springframework.web.servlet.DispatcherServlet.getHandler(DispatcherServlet.java:1284)
	at org.springframework.test.web.servlet.TestDispatcherServlet.getHandler(TestDispatcherServlet.java:123)
	at org.springframework.web.servlet.DispatcherServlet.doDispatch(DispatcherServlet.java:1065)
	at org.springframework.web.servlet.DispatcherServlet.doService(DispatcherServlet.java:979)
	at org.springframework.web.servlet.FrameworkServlet.processRequest(FrameworkServlet.java:1014)
	... 12 more
]]></error>
    <system-out><![CDATA[19:25:37.575 [main] INFO org.springframework.mock.web.MockServletContext -- Initializing Spring TestDispatcherServlet ''
19:25:37.581 [main] INFO org.springframework.test.web.servlet.TestDispatcherServlet -- Initializing Servlet ''
19:25:37.582 [main] INFO org.springframework.test.web.servlet.TestDispatcherServlet -- Completed initialization in 0 ms
]]></system-out>
  </testcase>
  <testcase name="testLoginUsuario_UsuarioNaoEncontrado" classname="com.anhembi.a3.metro.a3_metro.controller.LoginUsuarioControllerTest" time="0.012">
    <error message="Request processing failed: java.lang.IllegalStateException: Ambiguous handler methods mapped for &apos;/login/usuario&apos;: {public org.springframework.http.ResponseEntity com.anhembi.a3.metro.a3_metro.controller.LoginUsuarioController.loginUsuario(com.anhembi.a3.metro.a3_metro.model.Usuario), public org.springframework.http.ResponseEntity com.anhembi.a3.metro.a3_metro.controller.LoginUsuarioController.loginUsuarioTecnico(com.anhembi.a3.metro.a3_metro.model.Usuario)}" type="jakarta.servlet.ServletException"><![CDATA[jakarta.servlet.ServletException: Request processing failed: java.lang.IllegalStateException: Ambiguous handler methods mapped for '/login/usuario': {public org.springframework.http.ResponseEntity com.anhembi.a3.metro.a3_metro.controller.LoginUsuarioController.loginUsuario(com.anhembi.a3.metro.a3_metro.model.Usuario), public org.springframework.http.ResponseEntity com.anhembi.a3.metro.a3_metro.controller.LoginUsuarioController.loginUsuarioTecnico(com.anhembi.a3.metro.a3_metro.model.Usuario)}
	at org.springframework.web.servlet.FrameworkServlet.processRequest(FrameworkServlet.java:1022)
	at org.springframework.web.servlet.FrameworkServlet.doGet(FrameworkServlet.java:903)
	at jakarta.servlet.http.HttpServlet.service(HttpServlet.java:564)
	at org.springframework.web.servlet.FrameworkServlet.service(FrameworkServlet.java:885)
	at org.springframework.test.web.servlet.TestDispatcherServlet.service(TestDispatcherServlet.java:72)
	at jakarta.servlet.http.HttpServlet.service(HttpServlet.java:658)
	at org.springframework.mock.web.MockFilterChain$ServletFilterProxy.doFilter(MockFilterChain.java:165)
	at org.springframework.mock.web.MockFilterChain.doFilter(MockFilterChain.java:132)
	at org.springframework.test.web.servlet.MockMvc.perform(MockMvc.java:201)
	at com.anhembi.a3.metro.a3_metro.controller.LoginUsuarioControllerTest.testLoginUsuario_UsuarioNaoEncontrado(LoginUsuarioControllerTest.java:86)
	at java.base/java.lang.reflect.Method.invoke(Method.java:580)
	at java.base/java.util.ArrayList.forEach(ArrayList.java:1597)
	at java.base/java.util.ArrayList.forEach(ArrayList.java:1597)
Caused by: java.lang.IllegalStateException: Ambiguous handler methods mapped for '/login/usuario': {public org.springframework.http.ResponseEntity com.anhembi.a3.metro.a3_metro.controller.LoginUsuarioController.loginUsuario(com.anhembi.a3.metro.a3_metro.model.Usuario), public org.springframework.http.ResponseEntity com.anhembi.a3.metro.a3_metro.controller.LoginUsuarioController.loginUsuarioTecnico(com.anhembi.a3.metro.a3_metro.model.Usuario)}
	at org.springframework.web.servlet.handler.AbstractHandlerMethodMapping.lookupHandlerMethod(AbstractHandlerMethodMapping.java:431)
	at org.springframework.web.servlet.handler.AbstractHandlerMethodMapping.getHandlerInternal(AbstractHandlerMethodMapping.java:382)
	at org.springframework.web.servlet.mvc.method.RequestMappingInfoHandlerMapping.getHandlerInternal(RequestMappingInfoHandlerMapping.java:127)
	at org.springframework.web.servlet.mvc.method.RequestMappingInfoHandlerMapping.getHandlerInternal(RequestMappingInfoHandlerMapping.java:68)
	at org.springframework.web.servlet.handler.AbstractHandlerMapping.getHandler(AbstractHandlerMapping.java:507)
	at org.springframework.web.servlet.DispatcherServlet.getHandler(DispatcherServlet.java:1284)
	at org.springframework.test.web.servlet.TestDispatcherServlet.getHandler(TestDispatcherServlet.java:123)
	at org.springframework.web.servlet.DispatcherServlet.doDispatch(DispatcherServlet.java:1065)
	at org.springframework.web.servlet.DispatcherServlet.doService(DispatcherServlet.java:979)
	at org.springframework.web.servlet.FrameworkServlet.processRequest(FrameworkServlet.java:1014)
	... 12 more
]]></error>
    <system-out><![CDATA[19:25:37.599 [main] INFO org.springframework.mock.web.MockServletContext -- Initializing Spring TestDispatcherServlet ''
19:25:37.599 [main] INFO org.springframework.test.web.servlet.TestDispatcherServlet -- Initializing Servlet ''
19:25:37.599 [main] INFO org.springframework.test.web.servlet.TestDispatcherServlet -- Completed initialization in 0 ms
]]></system-out>
  </testcase>
  <testcase name="testLoginUsuario_SenhaIncorreta" classname="com.anhembi.a3.metro.a3_metro.controller.LoginUsuarioControllerTest" time="0.013">
    <error message="Request processing failed: java.lang.IllegalStateException: Ambiguous handler methods mapped for &apos;/login/usuario&apos;: {public org.springframework.http.ResponseEntity com.anhembi.a3.metro.a3_metro.controller.LoginUsuarioController.loginUsuario(com.anhembi.a3.metro.a3_metro.model.Usuario), public org.springframework.http.ResponseEntity com.anhembi.a3.metro.a3_metro.controller.LoginUsuarioController.loginUsuarioTecnico(com.anhembi.a3.metro.a3_metro.model.Usuario)}" type="jakarta.servlet.ServletException"><![CDATA[jakarta.servlet.ServletException: Request processing failed: java.lang.IllegalStateException: Ambiguous handler methods mapped for '/login/usuario': {public org.springframework.http.ResponseEntity com.anhembi.a3.metro.a3_metro.controller.LoginUsuarioController.loginUsuario(com.anhembi.a3.metro.a3_metro.model.Usuario), public org.springframework.http.ResponseEntity com.anhembi.a3.metro.a3_metro.controller.LoginUsuarioController.loginUsuarioTecnico(com.anhembi.a3.metro.a3_metro.model.Usuario)}
	at org.springframework.web.servlet.FrameworkServlet.processRequest(FrameworkServlet.java:1022)
	at org.springframework.web.servlet.FrameworkServlet.doGet(FrameworkServlet.java:903)
	at jakarta.servlet.http.HttpServlet.service(HttpServlet.java:564)
	at org.springframework.web.servlet.FrameworkServlet.service(FrameworkServlet.java:885)
	at org.springframework.test.web.servlet.TestDispatcherServlet.service(TestDispatcherServlet.java:72)
	at jakarta.servlet.http.HttpServlet.service(HttpServlet.java:658)
	at org.springframework.mock.web.MockFilterChain$ServletFilterProxy.doFilter(MockFilterChain.java:165)
	at org.springframework.mock.web.MockFilterChain.doFilter(MockFilterChain.java:132)
	at org.springframework.test.web.servlet.MockMvc.perform(MockMvc.java:201)
	at com.anhembi.a3.metro.a3_metro.controller.LoginUsuarioControllerTest.testLoginUsuario_SenhaIncorreta(LoginUsuarioControllerTest.java:101)
	at java.base/java.lang.reflect.Method.invoke(Method.java:580)
	at java.base/java.util.ArrayList.forEach(ArrayList.java:1597)
	at java.base/java.util.ArrayList.forEach(ArrayList.java:1597)
Caused by: java.lang.IllegalStateException: Ambiguous handler methods mapped for '/login/usuario': {public org.springframework.http.ResponseEntity com.anhembi.a3.metro.a3_metro.controller.LoginUsuarioController.loginUsuario(com.anhembi.a3.metro.a3_metro.model.Usuario), public org.springframework.http.ResponseEntity com.anhembi.a3.metro.a3_metro.controller.LoginUsuarioController.loginUsuarioTecnico(com.anhembi.a3.metro.a3_metro.model.Usuario)}
	at org.springframework.web.servlet.handler.AbstractHandlerMethodMapping.lookupHandlerMethod(AbstractHandlerMethodMapping.java:431)
	at org.springframework.web.servlet.handler.AbstractHandlerMethodMapping.getHandlerInternal(AbstractHandlerMethodMapping.java:382)
	at org.springframework.web.servlet.mvc.method.RequestMappingInfoHandlerMapping.getHandlerInternal(RequestMappingInfoHandlerMapping.java:127)
	at org.springframework.web.servlet.mvc.method.RequestMappingInfoHandlerMapping.getHandlerInternal(RequestMappingInfoHandlerMapping.java:68)
	at org.springframework.web.servlet.handler.AbstractHandlerMapping.getHandler(AbstractHandlerMapping.java:507)
	at org.springframework.web.servlet.DispatcherServlet.getHandler(DispatcherServlet.java:1284)
	at org.springframework.test.web.servlet.TestDispatcherServlet.getHandler(TestDispatcherServlet.java:123)
	at org.springframework.web.servlet.DispatcherServlet.doDispatch(DispatcherServlet.java:1065)
	at org.springframework.web.servlet.DispatcherServlet.doService(DispatcherServlet.java:979)
	at org.springframework.web.servlet.FrameworkServlet.processRequest(FrameworkServlet.java:1014)
	... 12 more
]]></error>
    <system-out><![CDATA[19:25:37.614 [main] INFO org.springframework.mock.web.MockServletContext -- Initializing Spring TestDispatcherServlet ''
19:25:37.615 [main] INFO org.springframework.test.web.servlet.TestDispatcherServlet -- Initializing Servlet ''
19:25:37.615 [main] INFO org.springframework.test.web.servlet.TestDispatcherServlet -- Completed initialization in 0 ms
]]></system-out>
  </testcase>
</testsuite>